<?xml version="1.0" encoding="UTF-8"?>
<!-- Generated by org.testng.reporters.JUnitReportReporter -->
<testsuite hostname="DESKTOP-JOQGUVP" failures="0" tests="3" name="com.crm.qa.testcases.DataProviderExample" time="0.004" errors="0" timestamp="2021-09-18T19:52:47 IST" skipped="0">
  <testcase classname="com.crm.qa.testcases.DataProviderExample" name="validateCreateNewContact" time="0.001"/>
  <system-out/>
  <testcase classname="com.crm.qa.testcases.DataProviderExample" name="validateCreateNewContact" time="0.001"/>
  <system-out/>
  <testcase classname="com.crm.qa.testcases.DataProviderExample" name="validateCreateNewContact" time="0.002"/>
  <system-out/>
</testsuite> <!-- com.crm.qa.testcases.DataProviderExample -->
